<?xml version="1.0" encoding="UTF-8"?>
<testsuite name="SolutionTest" tests="1" skipped="0" failures="0" errors="0" timestamp="2021-02-11T11:16:26" hostname="gwon-yongmins-MacBook-Pro.local" time="0.04">
  <properties/>
  <testcase name="test" classname="SolutionTest" time="0.04"/>
  <system-out><![CDATA[]]></system-out>
  <system-err><![CDATA[]]></system-err>
</testsuite>
